[debug] [2026-07-20T05:42:35.505Z] ----------------------------------------------------------------------
[debug] [2026-07-20T05:42:35.509Z] Command:       /opt/homebrew/Cellar/node/26.5.0/bin/node /opt/homebrew/bin/firebase init hosting
[debug] [2026-07-20T05:42:35.509Z] CLI Version:   15.24.0
[debug] [2026-07-20T05:42:35.509Z] Platform:      darwin
[debug] [2026-07-20T05:42:35.509Z] Node Version:  v26.5.0
[debug] [2026-07-20T05:42:35.510Z] Detected Agent: unknown
[debug] [2026-07-20T05:42:35.510Z] Time:          Mon Jul 20 2026 11:12:35 GMT+0530 (India Standard Time)
[debug] [2026-07-20T05:42:35.510Z] ----------------------------------------------------------------------
[debug] 
[info] 
     ######## #### ########  ######## ########     ###     ######  ########
     ##        ##  ##     ## ##       ##     ##  ##   ##  ##       ##
     ######    ##  ########  ######   ########  #########  ######  ######
     ##        ##  ##    ##  ##       ##     ## ##     ##       ## ##
     ##       #### ##     ## ######## ########  ##     ##  ######  ########

You're about to initialize a Firebase project in this directory:

  /Users/sehapreetsingh/Development/BOOKSHELF

[info] 
=== Project Setup
[info] 
[info] First, let's associate this project directory with a Firebase project.
[info] You can create multiple project aliases by running firebase use --add, 
[info] 
[debug] [2026-07-20T05:43:40.589Z] > command requires scopes: ["email","openid","https://www.googleapis.com/auth/cloudplatformprojects.readonly","https://www.googleapis.com/auth/firebase","https://www.googleapis.com/auth/cloud-platform"]
[debug] [2026-07-20T05:43:40.590Z] > authorizing via signed-in user (sehajqq@gmail.com)
[debug] [2026-07-20T05:43:40.609Z] Checked if tokens are valid: true, expires at: 1784529688813
[debug] [2026-07-20T05:43:40.609Z] Checked if tokens are valid: true, expires at: 1784529688813
[debug] [2026-07-20T05:43:40.611Z] >>> [apiv2][query] GET https://firebase.googleapis.com/v1beta1/projects pageSize=100
[debug] [2026-07-20T05:43:42.144Z] <<< [apiv2][status] GET https://firebase.googleapis.com/v1beta1/projects 200
[debug] [2026-07-20T05:43:42.144Z] <<< [apiv2][body] GET https://firebase.googleapis.com/v1beta1/projects [omitted]
[info] 
=== Hosting Setup
[debug] [2026-07-20T05:43:49.497Z] Checked if tokens are valid: true, expires at: 1784529688813
[debug] [2026-07-20T05:43:49.497Z] Checked if tokens are valid: true, expires at: 1784529688813
[debug] [2026-07-20T05:43:49.497Z] >>> [apiv2][query] GET https://firebase.googleapis.com/v1beta1/projects/bookshelf-2c25b [none]
[debug] [2026-07-20T05:43:50.582Z] <<< [apiv2][status] GET https://firebase.googleapis.com/v1beta1/projects/bookshelf-2c25b 200
[debug] [2026-07-20T05:43:50.583Z] <<< [apiv2][body] GET https://firebase.googleapis.com/v1beta1/projects/bookshelf-2c25b {"projectId":"bookshelf-2c25b","projectNumber":"88712135604","displayName":"bookshelf","name":"projects/bookshelf-2c25b","resources":{"hostingSite":"bookshelf-2c25b"},"state":"ACTIVE","labels":{"firebase":"enabled"},"etag":"1_b8c9037b-d8f1-4c1e-a91f-d599e02bc3f2"}
[info] 
[info] Your public directory is the folder (relative to your project directory) that
[info] will contain Hosting assets to be uploaded with firebase deploy. If you
[info] have a build process for your assets, use your build's output directory.
[info] 
[info] 
[info] i  Detected a .git folder at /Users/sehapreetsingh/Development/BOOKSHELF 
[info] i  Authorizing with GitHub to upload your service account to a GitHub repository's secrets store. 
[info] 
[info] Visit this URL on this device to log in:
[info] https://github.com/login/oauth/authorize?client_id=89cf50f02ac6aaed3484&state=123015273&redirect_uri=http%3A%2F%2Flocalhost%3A9005&scope=read%3Auser%20repo%20public_repo
[info] 
[info] Waiting for authentication...
